2025-11-02 22:32:24 - INFO - Pipeline run initialised with Job ID: bbe1c304
2025-11-02 22:32:24 - INFO - ==================================================
2025-11-02 22:32:24 - INFO - ONLINE RETAIL DATA PIPELINE - STARTING
2025-11-02 22:32:24 - INFO - ==================================================
2025-11-02 22:32:24 - INFO - ==================================================
2025-11-02 22:32:24 - INFO - STEP 1: DATA INGESTION
2025-11-02 22:32:24 - INFO - ==================================================
2025-11-02 22:32:29 - INFO - ==================================================
2025-11-02 22:32:29 - INFO - DATA INGESTION PROCESS
2025-11-02 22:32:29 - INFO - ==================================================
2025-11-02 22:32:29 - INFO - Initiated data ingestion...
2025-11-02 22:32:29 - INFO - Attempting UCI ML Repo API...
2025-11-02 22:32:44 - INFO - UCI API successful: 541,909 rows, 8 columns
2025-11-02 22:32:55 - INFO - Raw data saved: data/raw/Online_Retail_raw_20251102_223244.csv
2025-11-02 22:32:55 - INFO - ✓ Data ingestion completed successfully
2025-11-02 22:32:55 - INFO - ==================================================
2025-11-02 22:32:55 - INFO - STEP 2: DATA PROFILING
2025-11-02 22:32:55 - INFO - ==================================================
2025-11-02 22:32:55 - INFO - Generating data quality metrics...
2025-11-02 22:32:55 - INFO - Generating data quality summary...
2025-11-02 22:33:00 - ERROR - Pipeline failed: [Errno 2] No such file or directory: 'data/profiling/reports/profile_report_20251102_223300_bbe1c304.txt'
